============================= test session starts ==============================
platform darwin -- Python 3.7.3, pytest-5.2.3, py-1.8.0, pluggy-0.13.1
rootdir: /Users/gmartinon/Documents/missions/maif/Xplainable
plugins: cov-2.8.1
collected 71 items

tests/unit_tests/decomposition/test_contributions.py .....               [  7%]
tests/unit_tests/explainer/test_multi_decorator.py ..........            [ 21%]
tests/unit_tests/explainer/test_smart_explainer.py ..............        [ 40%]
tests/unit_tests/explainer/test_smart_state.py ..............            [ 60%]
tests/unit_tests/manipulation/test_filters.py .............              [ 78%]
tests/unit_tests/manipulation/test_mask.py ...                           [ 83%]
tests/unit_tests/manipulation/test_select_lines.py ...                   [ 87%]
tests/unit_tests/utils/test_translate.py .                               [ 88%]
tests/unit_tests/utils/test_utils.py ........                            [100%]

---------- coverage: platform darwin, python 3.7.3-final-0 -----------
Name                                        Stmts   Miss  Cover
---------------------------------------------------------------
xplainable/__init__.py                          0      0   100%
xplainable/decomposition/__init__.py            0      0   100%
xplainable/decomposition/contributions.py      25      1    96%
xplainable/explainer/__init__.py                0      0   100%
xplainable/explainer/multi_decorator.py        33      0   100%
xplainable/explainer/smart_explainer.py        39      0   100%
xplainable/explainer/smart_plotter.py          19     12    37%
xplainable/explainer/smart_state.py            37      0   100%
xplainable/manipulation/__init__.py             0      0   100%
xplainable/manipulation/filters.py             24      0   100%
xplainable/manipulation/mask.py                 6      0   100%
xplainable/manipulation/select_lines.py         2      0   100%
xplainable/settings/__init__.py                29     29     0%
xplainable/settings/base.py                     9      9     0%
xplainable/settings/dev.py                      1      1     0%
xplainable/settings/test.py                     4      4     0%
xplainable/utils/__init__.py                    0      0   100%
xplainable/utils/translate.py                   2      0   100%
xplainable/utils/utils.py                       6      0   100%
---------------------------------------------------------------
TOTAL                                         236     56    76%
Coverage HTML written to dir coverage/htmlcov


============================== 71 passed in 2.53s ==============================
